Change Component Comment : Designator=LED2 Old Comment=2 New Comment=1
Change Component Designator: OldDesignator=LED1 NewDesignator=1
Change Component Designator: OldDesignator=LED2 NewDesignator=2
Change Component Designator: OldDesignator=LED3 NewDesignator=3
Change Component Designator: OldDesignator=LED4 NewDesignator=4
Change Component Designator: OldDesignator=LED5 NewDesignator=5
Change Component Designator: OldDesignator=LED6 NewDesignator=6
Change Component Designator: OldDesignator=LED7 NewDesignator=7
Change Component Designator: OldDesignator=LED8 NewDesignator=8
Change Component Designator: OldDesignator=LED9 NewDesignator=9
Change Component Designator: OldDesignator=LED10 NewDesignator=10
Added Component: Designator=LED11(L-53GD)
Add component. Clean all parameters for all variants
Add component (AddParameter): Name = "Allied_Number"; Value = "70424261"; VariantName = "[No Variations]"
Add component (AddParameter): Name = "Allied Price/Stock"; Value = "http://www.alliedelec.com/kingbright-l-53gd/70424261/"; VariantName = "[No Variations]"
Add component (AddParameter): Name = "Datasheet Link"; Value = "http://docs-emea.rs-online.com/webdocs/151e/0900766b8151e408.pdf"; VariantName = "[No Variations]"
Add component (AddParameter): Name = "Manufacturer_Name"; Value = "Kingbright"; VariantName = "[No Variations]"
Add component (AddParameter): Name = "Manufacturer_Part_Number"; Value = "L-53GD"; VariantName = "[No Variations]"
Add component (AddParameter): Name = "Mouser Part Number"; Value = "N/A"; VariantName = "[No Variations]"
Add component (AddParameter): Name = "Mouser Price/Stock"; Value = "https://www.mouser.com/Search/Refine.aspx?Keyword=N%2FA"; VariantName = "[No Variations]"
Add component (AddParameter): Name = "RS Part Number"; Value = "2286004A"; VariantName = "[No Variations]"
Add component (AddParameter): Name = "RS Price/Stock"; Value = "http://uk.rs-online.com/web/p/products/2286004A"; VariantName = "[No Variations]"
Change Net Name : Old Net Name=Net120_1 New Net Name=Net1_2
Change Net Name : Old Net Name=NetLED1_1 New Net Name=Net1_1
Change Net Name : Old Net Name=NetLED2_1 New Net Name=Net2_1
Change Net Name : Old Net Name=NetLED3_1 New Net Name=Net3_1
Change Net Name : Old Net Name=NetLED4_1 New Net Name=Net4_1
Change Net Name : Old Net Name=NetLED5_1 New Net Name=Net5_1
Change Net Name : Old Net Name=NetLED6_1 New Net Name=Net6_1
Change Net Name : Old Net Name=NetLED7_1 New Net Name=Net7_1
Change Net Name : Old Net Name=NetLED8_1 New Net Name=Net8_1
Change Net Name : Old Net Name=NetLED9_1 New Net Name=Net9_1
Change Net Name : Old Net Name=NetLED10_1 New Net Name=Net10_1
Added Member To Class: ClassName=Sheet1 Member=Component LED11 L-53GD
Added Room: Name=Sheet1
