Change Component Designator: OldDesignator=C1 NewDesignator=10uF
Change Component Designator: OldDesignator=P1 NewDesignator=HEADER
Change Component Designator: OldDesignator=R1 NewDesignator=10K
Change Component Designator: OldDesignator=R2 NewDesignator=100K
Change Component Designator: OldDesignator=U1 NewDesignator=CD4017BE
Change Component Designator: OldDesignator=U2 NewDesignator=NE555N
Added Component: Designator=LED11(L-53GD)
Add component. Clean all parameters for all variants
Add component (AddParameter): Name = "Allied_Number"; Value = "70424261"; VariantName = "[No Variations]"
Add component (AddParameter): Name = "Allied Price/Stock"; Value = "http://www.alliedelec.com/kingbright-l-53gd/70424261/"; VariantName = "[No Variations]"
Add component (AddParameter): Name = "Datasheet Link"; Value = "http://docs-emea.rs-online.com/webdocs/151e/0900766b8151e408.pdf"; VariantName = "[No Variations]"
Add component (AddParameter): Name = "Manufacturer_Name"; Value = "Kingbright"; VariantName = "[No Variations]"
Add component (AddParameter): Name = "Manufacturer_Part_Number"; Value = "L-53GD"; VariantName = "[No Variations]"
Add component (AddParameter): Name = "Mouser Part Number"; Value = "N/A"; VariantName = "[No Variations]"
Add component (AddParameter): Name = "Mouser Price/Stock"; Value = "https://www.mouser.com/Search/Refine.aspx?Keyword=N%2FA"; VariantName = "[No Variations]"
Add component (AddParameter): Name = "RS Part Number"; Value = "2286004A"; VariantName = "[No Variations]"
Add component (AddParameter): Name = "RS Price/Stock"; Value = "http://uk.rs-online.com/web/p/products/2286004A"; VariantName = "[No Variations]"
Change Net Name : Old Net Name=Net120_2 New Net Name=Net10uF_2
Change Net Name : Old Net Name=NetC1_1 New Net Name=Net10uF_1
Change Net Name : Old Net Name=NetP1_2 New Net Name=Net10K_1
Change Net Name : Old Net Name=NetR1_2 New Net Name=Net10K_2
Change Net Name : Old Net Name=NetR2_2 New Net Name=Net100K_2
Change Net Name : Old Net Name=NetU1_14 New Net Name=NetCD4017BE_14
Added Member To Class: ClassName=Sheet1 Member=Component LED11 L-53GD
Added Room: Name=Sheet1
