Change Component Comment : Designator=LED? Old Comment=L-53GD New Comment=1
Change Component Comment : Designator=LED? Old Comment=L-53GD New Comment=2
Change Component Comment : Designator=LED? Old Comment=L-53GD New Comment=3
Change Component Comment : Designator=LED? Old Comment=L-53GD New Comment=4
Change Component Comment : Designator=LED? Old Comment=L-53GD New Comment=5
Change Component Comment : Designator=LED? Old Comment=L-53GD New Comment=6
Change Component Comment : Designator=LED? Old Comment=L-53GD New Comment=7
Change Component Comment : Designator=LED? Old Comment=L-53GD New Comment=8
Change Component Comment : Designator=LED? Old Comment=L-53GD New Comment=9
Change Component Comment : Designator=LED? Old Comment=L-53GD New Comment=10
Change Component Designator: OldDesignator=C? NewDesignator=C1
Change Component Designator: OldDesignator=LED? NewDesignator=LED1
Change Component Designator: OldDesignator=LED? NewDesignator=LED2
Change Component Designator: OldDesignator=LED? NewDesignator=LED3
Change Component Designator: OldDesignator=LED? NewDesignator=LED4
Change Component Designator: OldDesignator=LED? NewDesignator=LED5
Change Component Designator: OldDesignator=LED? NewDesignator=LED6
Change Component Designator: OldDesignator=LED? NewDesignator=LED7
Change Component Designator: OldDesignator=LED? NewDesignator=LED8
Change Component Designator: OldDesignator=LED? NewDesignator=LED9
Change Component Designator: OldDesignator=LED? NewDesignator=LED10
Change Component Designator: OldDesignator=LED? NewDesignator=LED11
Change Component Designator: OldDesignator=P? NewDesignator=P1
Change Component Designator: OldDesignator=R? NewDesignator=R1
Change Component Designator: OldDesignator=R? NewDesignator=R2
Change Component Designator: OldDesignator=U? NewDesignator=U1
Change Component Designator: OldDesignator=U? NewDesignator=U2
Change Net Name : Old Net Name=NetC?_1 New Net Name=NetC1_1
Change Net Name : Old Net Name=NetLED?_1 New Net Name=NetLED10_1
Change Net Name : Old Net Name=NetP?_2 New Net Name=NetP1_2
Change Net Name : Old Net Name=NetR?_1 New Net Name=NetR1_2
Change Net Name : Old Net Name=NetR?_2 New Net Name=NetR2_2
Change Net Name : Old Net Name=NetU?_3 New Net Name=NetU1_14
Added Pin To Net: NetName=NetLED1_1 Pin=LED1-1
Added Pin To Net: NetName=NetLED1_1 Pin=U1-3
Added Net: Name=NetLED1_1
Added Pin To Net: NetName=NetLED2_1 Pin=LED2-1
Added Pin To Net: NetName=NetLED2_1 Pin=U1-2
Added Net: Name=NetLED2_1
Added Pin To Net: NetName=NetLED3_1 Pin=LED3-1
Added Pin To Net: NetName=NetLED3_1 Pin=U1-4
Added Net: Name=NetLED3_1
Added Pin To Net: NetName=NetLED4_1 Pin=LED4-1
Added Pin To Net: NetName=NetLED4_1 Pin=U1-7
Added Net: Name=NetLED4_1
Added Pin To Net: NetName=NetLED5_1 Pin=LED5-1
Added Pin To Net: NetName=NetLED5_1 Pin=U1-10
Added Net: Name=NetLED5_1
Added Pin To Net: NetName=NetLED6_1 Pin=LED6-1
Added Pin To Net: NetName=NetLED6_1 Pin=U1-1
Added Net: Name=NetLED6_1
Added Pin To Net: NetName=NetLED7_1 Pin=LED7-1
Added Pin To Net: NetName=NetLED7_1 Pin=U1-5
Added Net: Name=NetLED7_1
Added Pin To Net: NetName=NetLED8_1 Pin=LED8-1
Added Pin To Net: NetName=NetLED8_1 Pin=U1-6
Added Net: Name=NetLED8_1
Added Pin To Net: NetName=NetLED9_1 Pin=LED9-1
Added Pin To Net: NetName=NetLED9_1 Pin=U1-9
Added Net: Name=NetLED9_1
Added Member To Class: ClassName=Sheet1 Member=Component LED1 1
Added Member To Class: ClassName=Sheet1 Member=Component LED2 2
Added Member To Class: ClassName=Sheet1 Member=Component LED3 3
Added Member To Class: ClassName=Sheet1 Member=Component LED4 4
Added Member To Class: ClassName=Sheet1 Member=Component LED5 5
Added Member To Class: ClassName=Sheet1 Member=Component LED6 6
Added Member To Class: ClassName=Sheet1 Member=Component LED7 7
Added Member To Class: ClassName=Sheet1 Member=Component LED8 8
Added Member To Class: ClassName=Sheet1 Member=Component LED10 10
Added Member To Class: ClassName=Sheet1 Member=Component LED11 L-53GD
Added Member To Class: ClassName=Sheet1 Member=Component R1 Res1
Added Member To Class: ClassName=Sheet1 Member=Component U1 CD4017BE
Added Room: Name=Sheet1
